[debug] [2019-02-06T03:38:48.925Z] ----------------------------------------------------------------------
[debug] [2019-02-06T03:38:48.927Z] Command:       /usr/local/Cellar/node/10.11.0/bin/node /Users/nicholas/.npm-packages/bin/firebase functions:shell
[debug] [2019-02-06T03:38:48.927Z] CLI Version:   6.2.2
[debug] [2019-02-06T03:38:48.927Z] Platform:      darwin
[debug] [2019-02-06T03:38:48.927Z] Node Version:  v10.11.0
[debug] [2019-02-06T03:38:48.928Z] Time:          Tue Feb 05 2019 22:38:48 GMT-0500 (Eastern Standard Time)
[debug] [2019-02-06T03:38:48.928Z] ----------------------------------------------------------------------
[debug] 
[debug] [2019-02-06T03:38:48.940Z] > command requires scopes: ["email","openid","https://www.googleapis.com/auth/cloudplatformprojects.readonly","https://www.googleapis.com/auth/firebase","https://www.googleapis.com/auth/cloud-platform"]
[debug] [2019-02-06T03:38:48.940Z] > authorizing via signed-in user
[debug] [2019-02-06T03:38:48.940Z] [iam] checking project hacknyu-3e0c8 for permissions ["firebase.projects.get"]
[debug] [2019-02-06T03:38:48.942Z] > refreshing access token with scopes: ["email","https://www.googleapis.com/auth/cloud-platform","https://www.googleapis.com/auth/cloudplatformprojects.readonly","https://www.googleapis.com/auth/firebase","openid"]
[debug] [2019-02-06T03:38:48.942Z] >>> HTTP REQUEST POST https://www.googleapis.com/oauth2/v3/token  
 <request body omitted>
[debug] [2019-02-06T03:38:49.148Z] <<< HTTP RESPONSE 200
[debug] [2019-02-06T03:38:49.156Z] >>> HTTP REQUEST POST https://cloudresourcemanager.googleapis.com/v1/projects/hacknyu-3e0c8:testIamPermissions  

[debug] [2019-02-06T03:38:49.445Z] <<< HTTP RESPONSE 200
[info] i  functions: Preparing to emulate functions.
[debug] [2019-02-06T03:38:50.050Z] Fetching environment
[debug] [2019-02-06T03:38:50.051Z] >>> HTTP REQUEST GET https://cloudresourcemanager.googleapis.com/v1/projects/hacknyu-3e0c8  
 
[debug] [2019-02-06T03:38:50.373Z] <<< HTTP RESPONSE 200
[debug] [2019-02-06T03:38:50.373Z] >>> HTTP REQUEST GET https://mobilesdk-pa.googleapis.com/v1/projects/482443126384:getServerAppConfig  
 
[debug] [2019-02-06T03:38:50.782Z] <<< HTTP RESPONSE 200
[debug] [2019-02-06T03:38:50.782Z] Starting @google-cloud/functions-emulator
[debug] [2019-02-06T03:38:51.840Z] Parsing function triggers
[debug] [2019-02-06T03:38:52.300Z] Deploying functions locally
[debug] [2019-02-06T03:38:52.302Z] Deploying functions locally
[info] ✔  functions: sendReminderEmail
[info] ✔  functions: sendAcceptanceEmail
[info] ✔  functions: getApplicationStats
[info] ✔  functions: sendConfirmationEmail
